<?xml version="1.0" encoding="UTF-8"?>
<!-- Generated by org.testng.reporters.JUnitReportReporter -->
<testsuite skipped="0" hostname="DESKTOP-NAE8MPS" name="com.Maven.classes1.MavenTest" tests="1" failures="0" timestamp="29 Dec 2018 02:52:08 GMT" time="0.002" errors="0">
  <testcase name="hello" time="0.002" classname="com.Maven.classes1.MavenTest"/>
</testsuite> <!-- com.Maven.classes1.MavenTest -->
