<?xml version="1.0" encoding="UTF-8"?>
<!-- Generated by org.testng.reporters.JUnitReportReporter -->
<testsuite skipped="0" hostname="PC" name="com.Maven.classes1.TestNGClassOne" tests="2" failures="0" timestamp="02 Dec 2018 17:20:07 GMT" time="0.015" errors="0">
  <testcase name="testMethod" time="0.015" classname="com.Maven.classes1.TestNGClassOne"/>
  <testcase name="testMethodTwo" time="0.000" classname="com.Maven.classes1.TestNGClassOne"/>
</testsuite> <!-- com.Maven.classes1.TestNGClassOne -->
