<?xml version="1.0" encoding="UTF-8"?>
<!-- Generated by org.testng.reporters.JUnitReportReporter -->
<testsuite skipped="0" hostname="PC" name="com.Maven.Class2.baseclassHtml" tests="1" failures="0" timestamp="05 Dec 2018 00:50:27 GMT" time="3.003" errors="0">
  <testcase name="setup" time="3.003" classname="com.Maven.Class2.baseclassHtml"/>
</testsuite> <!-- com.Maven.Class2.baseclassHtml -->
