<?xml version="1.0" encoding="UTF-8"?>
<!-- Generated by org.testng.reporters.JUnitReportReporter -->
<testsuite skipped="0" hostname="PC" name="com.Maven.classes1.BaseClass" tests="1" failures="0" timestamp="02 Dec 2018 19:02:09 GMT" time="4.664" errors="0">
  <testcase name="setUp" time="4.664" classname="com.Maven.classes1.BaseClass"/>
</testsuite> <!-- com.Maven.classes1.BaseClass -->
