<?xml version="1.0" encoding="UTF-8"?>
<!-- Generated by org.testng.reporters.JUnitReportReporter -->
<testsuite skipped="0" hostname="DESKTOP-NAE8MPS" name="com.Maven.classes1.BaseClass" tests="1" failures="0" timestamp="29 Dec 2018 03:42:59 GMT" time="3.997" errors="0">
  <testcase name="setUp" time="3.997" classname="com.Maven.classes1.BaseClass"/>
</testsuite> <!-- com.Maven.classes1.BaseClass -->
