<?xml version="1.0" encoding="UTF-8"?>
<!-- Generated by org.testng.reporters.JUnitReportReporter -->
<testsuite skipped="0" hostname="PC" name="com.Maven.classes1.MavenTest" tests="1" failures="0" timestamp="05 Dec 2018 00:32:52 GMT" time="0.000" errors="0">
  <testcase name="hello" time="0.000" classname="com.Maven.classes1.MavenTest"/>
</testsuite> <!-- com.Maven.classes1.MavenTest -->
